#
# There is insufficient memory for the Java Runtime Environment to continue.
# Native memory allocation (malloc) failed to allocate 32744 bytes for ChunkPool::allocate
# Possible reasons:
#   The system is out of physical RAM or swap space
#   In 32 bit mode, the process size limit was hit
# Possible solutions:
#   Reduce memory load on the system
#   Increase physical memory or swap space
#   Check if swap backing store is full
#   Use 64 bit Java on a 64 bit OS
#   Decrease Java heap size (-Xmx/-Xms)
#   Decrease number of Java threads
#   Decrease Java thread stack sizes (-Xss)
#   Set larger code cache with -XX:ReservedCodeCacheSize=
# This output file may be truncated or incomplete.
#
#  Out of Memory Error (allocation.cpp:273), pid=8088, tid=0x0000000000001368
#
# JRE version: Java(TM) SE Runtime Environment (8.0_181-b13) (build 1.8.0_181-b13)
# Java VM: Java HotSpot(TM) 64-Bit Server VM (25.181-b13 mixed mode windows-amd64 compressed oops)
# Failed to write core dump. Minidumps are not enabled by default on client versions of Windows
#

---------------  T H R E A D  ---------------

Current thread (0x0000000018626800):  JavaThread "C2 CompilerThread1" daemon [_thread_in_native, id=4968, stack(0x0000000019d70000,0x0000000019e70000)]

Stack: [0x0000000019d70000,0x0000000019e70000]
[error occurred during error reporting (printing stack bounds), id 0xc0000005]

Native frames: (J=compiled Java code, j=interpreted, Vv=VM code, C=native code)


Current CompileTask:
C2: 872394 3161       4       java.awt.Container::validateTree (153 bytes)


---------------  P R O C E S S  ---------------

Java Threads: ( => current thread )
  0x000000001a8b5000 JavaThread "TimerQueue" daemon [_thread_blocked, id=2372, stack(0x000000001bb90000,0x000000001bc90000)]
  0x0000000002942800 JavaThread "DestroyJavaVM" [_thread_blocked, id=5616, stack(0x0000000002840000,0x0000000002940000)]
  0x000000001a737000 JavaThread "AWT-EventQueue-0" [_thread_blocked, id=6900, stack(0x000000001b790000,0x000000001b890000)]
  0x000000001a71c000 JavaThread "AWT-Windows" daemon [_thread_in_native, id=13744, stack(0x000000001b0b0000,0x000000001b1b0000)]
  0x000000001a719000 JavaThread "AWT-Shutdown" [_thread_blocked, id=3324, stack(0x000000001afb0000,0x000000001b0b0000)]
  0x000000001a714800 JavaThread "Java2D Disposer" daemon [_thread_blocked, id=13936, stack(0x000000001aeb0000,0x000000001afb0000)]
  0x000000001867d800 JavaThread "Service Thread" daemon [_thread_blocked, id=6716, stack(0x000000001a370000,0x000000001a470000)]
  0x000000001862a800 JavaThread "C1 CompilerThread2" daemon [_thread_blocked, id=14148, stack(0x0000000019e70000,0x0000000019f70000)]
=>0x0000000018626800 JavaThread "C2 CompilerThread1" daemon [_thread_in_native, id=4968, stack(0x0000000019d70000,0x0000000019e70000)]
  0x000000001861f800 JavaThread "C2 CompilerThread0" daemon [_thread_blocked, id=9108, stack(0x0000000019c70000,0x0000000019d70000)]
  0x000000001861d000 JavaThread "Attach Listener" daemon [_thread_blocked, id=12260, stack(0x0000000019b70000,0x0000000019c70000)]
  0x000000001861a000 JavaThread "Signal Dispatcher" daemon [_thread_blocked, id=8664, stack(0x0000000019a70000,0x0000000019b70000)]
  0x0000000002a3b000 JavaThread "Finalizer" daemon [_thread_blocked, id=9376, stack(0x0000000019870000,0x0000000019970000)]
  0x0000000002a32000 JavaThread "Reference Handler" daemon [_thread_blocked, id=1848, stack(0x0000000019770000,0x0000000019870000)]

Other Threads:
  0x00000000185e7000 VMThread [stack: 0x0000000019670000,0x0000000019770000] [id=2340]
  0x0000000019fa2800 WatcherThread [stack: 0x000000001a470000,0x000000001a570000] [id=13992]

VM state:not at safepoint (normal execution)

VM Mutex/Monitor currently owned by a thread: None

Heap:
 PSYoungGen      total 46592K, used 14080K [0x000000078c580000, 0x000000078f980000, 0x00000007c0000000)
  eden space 39936K, 35% used [0x000000078c580000,0x000000078d340388,0x000000078ec80000)
  from space 6656K, 0% used [0x000000078f300000,0x000000078f300000,0x000000078f980000)
  to   space 6656K, 0% used [0x000000078ec80000,0x000000078ec80000,0x000000078f300000)
 ParOldGen       total 56832K, used 11201K [0x0000000725000000, 0x0000000728780000, 0x000000078c580000)
  object space 56832K, 19% used [0x0000000725000000,0x0000000725af0690,0x0000000728780000)
 Metaspace       used 21076K, capacity 21352K, committed 21760K, reserved 1069056K
  class space    used 2431K, capacity 2514K, committed 2560K, reserved 1048576K

Card table byte_map: [0x0000000011e00000,0x00000000122e0000] byte_map_base: 0x000000000e4d8000

Marking Bits: (ParMarkBitMap*) 0x0000000055cd2d00
 Begin Bits: [0x0000000012a20000, 0x00000000150e0000)
 End Bits:   [0x00000000150e0000, 0x00000000177a0000)

Polling page: 0x0000000000f70000

CodeCache: size=245760Kb used=9848Kb max_used=9859Kb free=235911Kb
 bounds [0x0000000002a40000, 0x0000000003410000, 0x0000000011a40000]
 total_blobs=3528 nmethods=2919 adapters=521
 compilation: enabled

Compilation events (10 events):
Event: 700.062 Thread 0x000000001861f800 nmethod 3156 0x0000000003016510 code [0x0000000003016660, 0x0000000003016708]
Event: 767.187 Thread 0x0000000018626800 3157       4       java.util.Locale::hashCode (41 bytes)
Event: 767.188 Thread 0x0000000018626800 nmethod 3157 0x000000000301b2d0 code [0x000000000301b420, 0x000000000301b4e8]
Event: 808.290 Thread 0x000000001861f800 3158       4       sun.java2d.SunGraphics2D::setRenderingHint (555 bytes)
Event: 808.296 Thread 0x000000001861f800 nmethod 3158 0x0000000002e60ed0 code [0x0000000002e61060, 0x0000000002e61588]
Event: 809.291 Thread 0x0000000018626800 3159       4       javax.swing.GroupLayout$ComponentInfo::setBounds (75 bytes)
Event: 809.292 Thread 0x0000000018626800 nmethod 3159 0x00000000033d9010 code [0x00000000033d9160, 0x00000000033d9278]
Event: 815.300 Thread 0x000000001861f800 3160       4       java.util.GregorianCalendar::getWeekNumber (89 bytes)
Event: 815.301 Thread 0x000000001861f800 nmethod 3160 0x0000000002e8a1d0 code [0x0000000002e8a300, 0x0000000002e8a438]
Event: 872.367 Thread 0x0000000018626800 3161       4       java.awt.Container::validateTree (153 bytes)

GC Heap History (6 events):
Event: 79.326 GC heap before
{Heap before GC invocations=1 (full 0):
 PSYoungGen      total 46592K, used 39936K [0x000000078c580000, 0x000000078f980000, 0x00000007c0000000)
  eden space 39936K, 100% used [0x000000078c580000,0x000000078ec80000,0x000000078ec80000)
  from space 6656K, 0% used [0x000000078f300000,0x000000078f300000,0x000000078f980000)
  to   space 6656K, 0% used [0x000000078ec80000,0x000000078ec80000,0x000000078f300000)
 ParOldGen       total 106496K, used 0K [0x0000000725000000, 0x000000072b800000, 0x000000078c580000)
  object space 106496K, 0% used [0x0000000725000000,0x0000000725000000,0x000000072b800000)
 Metaspace       used 19863K, capacity 20148K, committed 20352K, reserved 1067008K
  class space    used 2320K, capacity 2416K, committed 2432K, reserved 1048576K
Event: 79.339 GC heap after
Heap after GC invocations=1 (full 0):
 PSYoungGen      total 46592K, used 6630K [0x000000078c580000, 0x000000078f980000, 0x00000007c0000000)
  eden space 39936K, 0% used [0x000000078c580000,0x000000078c580000,0x000000078ec80000)
  from space 6656K, 99% used [0x000000078ec80000,0x000000078f2f9b88,0x000000078f300000)
  to   space 6656K, 0% used [0x000000078f300000,0x000000078f300000,0x000000078f980000)
 ParOldGen       total 106496K, used 2274K [0x0000000725000000, 0x000000072b800000, 0x000000078c580000)
  object space 106496K, 2% used [0x0000000725000000,0x00000007252388f0,0x000000072b800000)
 Metaspace       used 19863K, capacity 20148K, committed 20352K, reserved 1067008K
  class space    used 2320K, capacity 2416K, committed 2432K, reserved 1048576K
}
Event: 87.869 GC heap before
{Heap before GC invocations=2 (full 0):
 PSYoungGen      total 46592K, used 17903K [0x000000078c580000, 0x000000078f980000, 0x00000007c0000000)
  eden space 39936K, 28% used [0x000000078c580000,0x000000078d0823c8,0x000000078ec80000)
  from space 6656K, 99% used [0x000000078ec80000,0x000000078f2f9b88,0x000000078f300000)
  to   space 6656K, 0% used [0x000000078f300000,0x000000078f300000,0x000000078f980000)
 ParOldGen       total 106496K, used 2274K [0x0000000725000000, 0x000000072b800000, 0x000000078c580000)
  object space 106496K, 2% used [0x0000000725000000,0x00000007252388f0,0x000000072b800000)
 Metaspace       used 20799K, capacity 21084K, committed 21248K, reserved 1069056K
  class space    used 2430K, capacity 2512K, committed 2560K, reserved 1048576K
Event: 87.881 GC heap after
Heap after GC invocations=2 (full 0):
 PSYoungGen      total 46592K, used 6630K [0x000000078c580000, 0x000000078f980000, 0x00000007c0000000)
  eden space 39936K, 0% used [0x000000078c580000,0x000000078c580000,0x000000078ec80000)
  from space 6656K, 99% used [0x000000078f300000,0x000000078f9798d0,0x000000078f980000)
  to   space 6656K, 0% used [0x000000078ec80000,0x000000078ec80000,0x000000078f300000)
 ParOldGen       total 106496K, used 6942K [0x0000000725000000, 0x000000072b800000, 0x000000078c580000)
  object space 106496K, 6% used [0x0000000725000000,0x00000007256c78e0,0x000000072b800000)
 Metaspace       used 20799K, capacity 21084K, committed 21248K, reserved 1069056K
  class space    used 2430K, capacity 2512K, committed 2560K, reserved 1048576K
}
Event: 87.881 GC heap before
{Heap before GC invocations=3 (full 1):
 PSYoungGen      total 46592K, used 6630K [0x000000078c580000, 0x000000078f980000, 0x00000007c0000000)
  eden space 39936K, 0% used [0x000000078c580000,0x000000078c580000,0x000000078ec80000)
  from space 6656K, 99% used [0x000000078f300000,0x000000078f9798d0,0x000000078f980000)
  to   space 6656K, 0% used [0x000000078ec80000,0x000000078ec80000,0x000000078f300000)
 ParOldGen       total 106496K, used 6942K [0x0000000725000000, 0x000000072b800000, 0x000000078c580000)
  object space 106496K, 6% used [0x0000000725000000,0x00000007256c78e0,0x000000072b800000)
 Metaspace       used 20799K, capacity 21084K, committed 21248K, reserved 1069056K
  class space    used 2430K, capacity 2512K, committed 2560K, reserved 1048576K
Event: 87.922 GC heap after
Heap after GC invocations=3 (full 1):
 PSYoungGen      total 46592K, used 0K [0x000000078c580000, 0x000000078f980000, 0x00000007c0000000)
  eden space 39936K, 0% used [0x000000078c580000,0x000000078c580000,0x000000078ec80000)
  from space 6656K, 0% used [0x000000078f300000,0x000000078f300000,0x000000078f980000)
  to   space 6656K, 0% used [0x000000078ec80000,0x000000078ec80000,0x000000078f300000)
 ParOldGen       total 56832K, used 11201K [0x0000000725000000, 0x0000000728780000, 0x000000078c580000)
  object space 56832K, 19% used [0x0000000725000000,0x0000000725af0690,0x0000000728780000)
 Metaspace       used 20799K, capacity 21084K, committed 21248K, reserved 1069056K
  class space    used 2430K, capacity 2512K, committed 2560K, reserved 1048576K
}

Deoptimization events (10 events):
Event: 79.370 Thread 0x000000001a737000 Uncommon trap: reason=bimorphic action=maybe_recompile pc=0x00000000030dc98c method=javax.swing.GroupLayout$Group.calculateSize(II)I @ 57
Event: 79.370 Thread 0x000000001a737000 Uncommon trap: reason=bimorphic action=maybe_recompile pc=0x00000000030dc98c method=javax.swing.GroupLayout$Group.calculateSize(II)I @ 57
Event: 79.396 Thread 0x000000001a737000 Uncommon trap: reason=unstable_if action=reinterpret pc=0x0000000003042170 method=java.awt.Container.findComponentAtImpl(IIZ)Ljava/awt/Component; @ 131
Event: 79.448 Thread 0x000000001a737000 Uncommon trap: reason=bimorphic action=maybe_recompile pc=0x00000000030ccab8 method=javax.swing.UIDefaults.getFromHashtable(Ljava/lang/Object;)Ljava/lang/Object; @ 126
Event: 85.695 Thread 0x000000001a737000 Uncommon trap: reason=bimorphic action=maybe_recompile pc=0x00000000030ccab8 method=javax.swing.UIDefaults.getFromHashtable(Ljava/lang/Object;)Ljava/lang/Object; @ 126
Event: 86.030 Thread 0x000000001a737000 Uncommon trap: reason=unstable_if action=reinterpret pc=0x00000000031bcdc8 method=java.awt.Container$MouseEventTargetFilter.accept(Ljava/awt/Component;)Z @ 23
Event: 86.866 Thread 0x000000001a737000 Uncommon trap: reason=bimorphic action=maybe_recompile pc=0x00000000030ccab8 method=javax.swing.UIDefaults.getFromHashtable(Ljava/lang/Object;)Ljava/lang/Object; @ 126
Event: 87.844 Thread 0x000000001a737000 Uncommon trap: reason=unstable_if action=reinterpret pc=0x000000000321d61c method=java.awt.EventQueue.getPriority(Ljava/awt/AWTEvent;)I @ 4
Event: 90.514 Thread 0x000000001a737000 Uncommon trap: reason=predicate action=maybe_recompile pc=0x00000000031265f0 method=javax.swing.GroupLayout$Group.calculateSize(II)I @ 74
Event: 90.554 Thread 0x000000001a737000 Uncommon trap: reason=bimorphic action=maybe_recompile pc=0x00000000030ccab8 method=javax.swing.UIDefaults.getFromHashtable(Ljava/lang/Object;)Ljava/lang/Object; @ 126

Classes redefined (0 events):
No events

Internal exceptions (10 events):
Event: 0.039 Thread 0x0000000002942800 Exception <a 'java/lang/NoSuchMethodError': Method sun.misc.Unsafe.prefetchRead(Ljava/lang/Object;J)V name or signature does not match> (0x000000078c587f98) thrown at [C:\re\workspace\8-2-build-windows-amd64-cygwin\jdk8u181\11358\hotspot\src\share\vm\prim
Event: 0.141 Thread 0x0000000002942800 Exception <a 'java/security/PrivilegedActionException'> (0x000000078c6377d0) thrown at [C:\re\workspace\8-2-build-windows-amd64-cygwin\jdk8u181\11358\hotspot\src\share\vm\prims\jvm.cpp, line 1435]
Event: 0.142 Thread 0x0000000002942800 Exception <a 'java/security/PrivilegedActionException'> (0x000000078c6379e0) thrown at [C:\re\workspace\8-2-build-windows-amd64-cygwin\jdk8u181\11358\hotspot\src\share\vm\prims\jvm.cpp, line 1435]
Event: 0.143 Thread 0x0000000002942800 Exception <a 'java/security/PrivilegedActionException'> (0x000000078c63b8f0) thrown at [C:\re\workspace\8-2-build-windows-amd64-cygwin\jdk8u181\11358\hotspot\src\share\vm\prims\jvm.cpp, line 1435]
Event: 0.143 Thread 0x0000000002942800 Exception <a 'java/security/PrivilegedActionException'> (0x000000078c63bb00) thrown at [C:\re\workspace\8-2-build-windows-amd64-cygwin\jdk8u181\11358\hotspot\src\share\vm\prims\jvm.cpp, line 1435]
Event: 0.148 Thread 0x0000000002942800 Exception <a 'java/io/FileNotFoundException'> (0x000000078c63dc80) thrown at [C:\re\workspace\8-2-build-windows-amd64-cygwin\jdk8u181\11358\hotspot\src\share\vm\prims\jni.cpp, line 709]
Event: 0.209 Thread 0x0000000002942800 Exception <a 'java/lang/NoSuchFieldError': method resolution failed> (0x000000078c7d72f8) thrown at [C:\re\workspace\8-2-build-windows-amd64-cygwin\jdk8u181\11358\hotspot\src\share\vm\prims\methodHandles.cpp, line 1167]
Event: 0.212 Thread 0x0000000002942800 Exception <a 'java/lang/NoSuchFieldError': method resolution failed> (0x000000078c7e4688) thrown at [C:\re\workspace\8-2-build-windows-amd64-cygwin\jdk8u181\11358\hotspot\src\share\vm\prims\methodHandles.cpp, line 1167]
Event: 0.301 Thread 0x0000000002942800 Implicit null exception at 0x0000000002bbc05c to 0x0000000002bbc22d
Event: 0.313 Thread 0x0000000002942800 Exception <a 'java/io/FileNotFoundException'> (0x000000078c993748) thrown at [C:\re\workspace\8-2-build-windows-amd64-cygwin\jdk8u181\11358\hotspot\src\share\vm\prims\jni.cpp, line 709]

Events (10 events):
Event: 418.564 Thread 0x000000001861f800 flushing nmethod 0x0000000002e89ed0
Event: 418.564 Thread 0x000000001861f800 flushing nmethod 0x0000000002e8a210
Event: 418.564 Thread 0x000000001861f800 flushing nmethod 0x0000000002e94d50
Event: 418.564 Thread 0x000000001861f800 flushing nmethod 0x0000000002e95490
Event: 418.564 Thread 0x000000001861f800 flushing nmethod 0x0000000002ea52d0
Event: 448.597 Thread 0x000000001862a800 flushing nmethod 0x0000000003056650
Event: 448.598 Thread 0x000000001862a800 flushing nmethod 0x00000000030e2290
Event: 455.619 Thread 0x0000000018626800 flushing nmethod 0x0000000003160a90
Event: 455.619 Thread 0x0000000018626800 flushing nmethod 0x00000000031bbe50
Event: 457.629 Thread 0x000000001861f800 flushing nmethod 0x000000000321a490


Dynamic libraries:
0x00007ff7ce750000 - 0x00007ff7ce787000 	C:\Program Files\Java\jdk1.8.0_181\bin\java.exe
0x00007ffb2ce80000 - 0x00007ffb2d070000 	C:\WINDOWS\SYSTEM32\ntdll.dll
0x00007ffb2b6d0000 - 0x00007ffb2b782000 	C:\WINDOWS\System32\KERNEL32.DLL
0x00007ffb2aa10000 - 0x00007ffb2acb3000 	C:\WINDOWS\System32\KERNELBASE.dll
0x00007ffb2bba0000 - 0x00007ffb2bc43000 	C:\WINDOWS\System32\ADVAPI32.dll
0x00007ffb2ca70000 - 0x00007ffb2cb0e000 	C:\WINDOWS\System32\msvcrt.dll
0x00007ffb2b7d0000 - 0x00007ffb2b867000 	C:\WINDOWS\System32\sechost.dll
0x00007ffb2ccf0000 - 0x00007ffb2ce10000 	C:\WINDOWS\System32\RPCRT4.dll
0x00007ffb2bc50000 - 0x00007ffb2bde4000 	C:\WINDOWS\System32\USER32.dll
0x00007ffb2aed0000 - 0x00007ffb2aef1000 	C:\WINDOWS\System32\win32u.dll
0x00007ffb2b790000 - 0x00007ffb2b7b6000 	C:\WINDOWS\System32\GDI32.dll
0x00007ffb2ace0000 - 0x00007ffb2ae74000 	C:\WINDOWS\System32\gdi32full.dll
0x00007ffb2a720000 - 0x00007ffb2a7be000 	C:\WINDOWS\System32\msvcp_win.dll
0x00007ffb2a7c0000 - 0x00007ffb2a8ba000 	C:\WINDOWS\System32\ucrtbase.dll
0x00007ffb1e060000 - 0x00007ffb1e2e5000 	C:\WINDOWS\WinSxS\amd64_microsoft.windows.common-controls_6595b64144ccf1df_6.0.18362.657_none_e6c5b579130e3898\COMCTL32.dll
0x00007ffb2af30000 - 0x00007ffb2b266000 	C:\WINDOWS\System32\combase.dll
0x00007ffb29f20000 - 0x00007ffb29fa0000 	C:\WINDOWS\System32\bcryptPrimitives.dll
0x00007ffb2ce10000 - 0x00007ffb2ce3e000 	C:\WINDOWS\System32\IMM32.DLL
0x00000000553d0000 - 0x00000000554a2000 	C:\Program Files\Java\jdk1.8.0_181\jre\bin\msvcr100.dll
0x00000000554b0000 - 0x0000000055d52000 	C:\Program Files\Java\jdk1.8.0_181\jre\bin\server\jvm.dll
0x00007ffb2bb90000 - 0x00007ffb2bb98000 	C:\WINDOWS\System32\PSAPI.DLL
0x00007ffb1e470000 - 0x00007ffb1e47a000 	C:\WINDOWS\SYSTEM32\VERSION.dll
0x00007ffb21520000 - 0x00007ffb21544000 	C:\WINDOWS\SYSTEM32\WINMM.dll
0x00007ffb1c7c0000 - 0x00007ffb1c7c9000 	C:\WINDOWS\SYSTEM32\WSOCK32.dll
0x00007ffb2cc20000 - 0x00007ffb2cc8f000 	C:\WINDOWS\System32\WS2_32.dll
0x00007ffb20fb0000 - 0x00007ffb20fdd000 	C:\WINDOWS\SYSTEM32\winmmbase.dll
0x00007ffb2ae80000 - 0x00007ffb2aeca000 	C:\WINDOWS\System32\cfgmgr32.dll
0x0000000057170000 - 0x000000005717f000 	C:\Program Files\Java\jdk1.8.0_181\jre\bin\verify.dll
0x00000000553a0000 - 0x00000000553c9000 	C:\Program Files\Java\jdk1.8.0_181\jre\bin\java.dll
0x00000000570e0000 - 0x00000000570f6000 	C:\Program Files\Java\jdk1.8.0_181\jre\bin\zip.dll
0x00007ffb2bf10000 - 0x00007ffb2c5f5000 	C:\WINDOWS\System32\SHELL32.dll
0x00007ffb2be60000 - 0x00007ffb2bf09000 	C:\WINDOWS\System32\shcore.dll
0x00007ffb29fa0000 - 0x00007ffb2a71f000 	C:\WINDOWS\System32\windows.storage.dll
0x00007ffb29dd0000 - 0x00007ffb29def000 	C:\WINDOWS\System32\profapi.dll
0x00007ffb29d80000 - 0x00007ffb29dca000 	C:\WINDOWS\System32\powrprof.dll
0x00007ffb29d50000 - 0x00007ffb29d60000 	C:\WINDOWS\System32\UMPDC.dll
0x00007ffb2ba40000 - 0x00007ffb2ba92000 	C:\WINDOWS\System32\shlwapi.dll
0x00007ffb29df0000 - 0x00007ffb29e01000 	C:\WINDOWS\System32\kernel.appcore.dll
0x00007ffb2acc0000 - 0x00007ffb2acd7000 	C:\WINDOWS\System32\cryptsp.dll
0x00000000551e0000 - 0x0000000055379000 	C:\Program Files\Java\jdk1.8.0_181\jre\bin\awt.dll
0x00007ffb2b600000 - 0x00007ffb2b6c4000 	C:\WINDOWS\System32\OLEAUT32.dll
0x00007ffb28000000 - 0x00007ffb2808f000 	C:\WINDOWS\SYSTEM32\apphelp.dll
0x00007ffb280d0000 - 0x00007ffb28169000 	C:\WINDOWS\system32\uxtheme.dll
0x00007ffb2b880000 - 0x00007ffb2b9b5000 	C:\WINDOWS\System32\MSCTF.dll
0x00007ffb2b270000 - 0x00007ffb2b3c6000 	C:\WINDOWS\System32\ole32.dll
0x00007ffb28520000 - 0x00007ffb2854d000 	C:\WINDOWS\system32\DWMAPI.DLL
0x00007ffb04ad0000 - 0x00007ffb04c26000 	C:\WINDOWS\system32\opengl32.dll
0x00007ffb08830000 - 0x00007ffb0885c000 	C:\WINDOWS\SYSTEM32\GLU32.dll
0x00007ffb289c0000 - 0x00007ffb289e0000 	C:\WINDOWS\SYSTEM32\dxcore.dll
0x0000000055190000 - 0x00000000551d7000 	C:\Program Files\Java\jdk1.8.0_181\jre\bin\fontmanager.dll
0x0000000056540000 - 0x000000005655a000 	C:\Program Files\Java\jdk1.8.0_181\jre\bin\net.dll
0x00007ffb295c0000 - 0x00007ffb29627000 	C:\WINDOWS\system32\mswsock.dll
0x0000000055380000 - 0x0000000055391000 	C:\Program Files\Java\jdk1.8.0_181\jre\bin\nio.dll
0x0000000055140000 - 0x0000000055182000 	C:\Program Files\Java\jdk1.8.0_181\jre\bin\t2k.dll
0x00007ffb2cb10000 - 0x00007ffb2cbb2000 	C:\WINDOWS\System32\clbcatq.dll
0x00007ffb0ce70000 - 0x00007ffb0d01f000 	C:\WINDOWS\SYSTEM32\WindowsCodecs.dll
0x00007ffb05050000 - 0x00007ffb0508a000 	C:\WINDOWS\system32\dataexchange.dll
0x00007ffb26b20000 - 0x00007ffb26d7b000 	C:\WINDOWS\system32\d3d11.dll
0x00007ffb27840000 - 0x00007ffb27a1b000 	C:\WINDOWS\system32\dcomp.dll
0x00007ffb28a50000 - 0x00007ffb28b3b000 	C:\WINDOWS\system32\dxgi.dll
0x00007ffb28190000 - 0x00007ffb283ea000 	C:\WINDOWS\system32\twinapi.appcore.dll
0x00007ffb284f0000 - 0x00007ffb28519000 	C:\WINDOWS\system32\RMCLIENT.dll
0x00007ffb29310000 - 0x00007ffb293da000 	C:\WINDOWS\SYSTEM32\DNSAPI.dll
0x00007ffb2b7c0000 - 0x00007ffb2b7c8000 	C:\WINDOWS\System32\NSI.dll
0x00007ffb292d0000 - 0x00007ffb2930a000 	C:\WINDOWS\SYSTEM32\IPHLPAPI.DLL
0x00007ffb21000000 - 0x00007ffb2100a000 	C:\Windows\System32\rasadhlp.dll
0x00007ffb25010000 - 0x00007ffb25087000 	C:\WINDOWS\System32\fwpuclnt.dll
0x00007ffb2af00000 - 0x00007ffb2af26000 	C:\WINDOWS\System32\bcrypt.dll
0x00007ffb29130000 - 0x00007ffb29163000 	C:\WINDOWS\system32\rsaenh.dll
0x00007ffb29c40000 - 0x00007ffb29c65000 	C:\WINDOWS\SYSTEM32\USERENV.dll
0x00007ffb29790000 - 0x00007ffb2979c000 	C:\WINDOWS\SYSTEM32\CRYPTBASE.dll
0x00007ffb250f0000 - 0x00007ffb25106000 	C:\WINDOWS\SYSTEM32\dhcpcsvc6.DLL
0x00007ffb251c0000 - 0x00007ffb251dc000 	C:\WINDOWS\SYSTEM32\dhcpcsvc.DLL
0x0000000055110000 - 0x0000000055134000 	C:\Program Files\Java\jdk1.8.0_181\jre\bin\sunec.dll
0x0000000055100000 - 0x000000005510b000 	C:\Program Files\Java\jdk1.8.0_181\jre\bin\sunmscapi.dll
0x00007ffb2a8c0000 - 0x00007ffb2aa09000 	C:\WINDOWS\System32\CRYPT32.dll
0x00007ffb29d60000 - 0x00007ffb29d72000 	C:\WINDOWS\System32\MSASN1.dll
0x00007ffb1e450000 - 0x00007ffb1e466000 	C:\WINDOWS\system32\napinsp.dll
0x00007ffb1deb0000 - 0x00007ffb1deca000 	C:\WINDOWS\system32\pnrpnsp.dll
0x00007ffb1dea0000 - 0x00007ffb1deae000 	C:\WINDOWS\System32\winrnr.dll
0x00007ffb25580000 - 0x00007ffb2559c000 	C:\WINDOWS\system32\NLAapi.dll
0x00007ffb1dd40000 - 0x00007ffb1dd55000 	C:\WINDOWS\system32\wshbth.dll
0x00007ffb21340000 - 0x00007ffb213de000 	C:\WINDOWS\System32\TextInputFramework.dll
0x00007ffb20480000 - 0x00007ffb207aa000 	C:\WINDOWS\System32\CoreUIComponents.dll
0x00007ffb27ef0000 - 0x00007ffb27fc4000 	C:\WINDOWS\System32\CoreMessaging.dll
0x00007ffb25ef0000 - 0x00007ffb26043000 	C:\WINDOWS\SYSTEM32\wintypes.dll
0x00007ffb28db0000 - 0x00007ffb28de1000 	C:\WINDOWS\SYSTEM32\ntmarta.dll
0x00007ffb1da80000 - 0x00007ffb1dd26000 	C:\WINDOWS\System32\iertutil.dll
0x00007ffb1bb20000 - 0x00007ffb1bbc9000 	C:\WINDOWS\WinSxS\amd64_microsoft.windows.common-controls_6595b64144ccf1df_5.82.18362.657_none_2a27eafe46699ec9\comctl32.dll

VM Arguments:
jvm_args: -Dfile.encoding=UTF-8 
java_command: Views.login
java_class_path (initial): D:\Programe Flie\NetBeans 8.0.2\java\modules\ext\AbsoluteLayout.jar;E:\ProgramJava BKAP\E-Project\Project\XIXAO Manager\libs\sqljdbc42.jar;E:\ProgramJava BKAP\Java swing\javaII-chuyende02\libs\JCalendar.jar;E:\ProgramJava BKAP\E-Project\Project\XIXAO Manager\libs\gembox-spreadsheet.jar;E:\ProgramJava BKAP\E-Project\Project\XIXAO Manager\build\classes
Launcher Type: SUN_STANDARD

Environment Variables:
PATH=C:\Python27\;C:\Python27\Scripts;C:\Program Files (x86)\Python37-32\Scripts\;C:\Program Files (x86)\Python37-32\;C:\Program Files (x86)\Common Files\Oracle\Java\javapath;C:\WINDOWS\system32;C:\WINDOWS;C:\WINDOWS\System32\Wbem;C:\WINDOWS\System32\WindowsPowerShell\v1.0\;C:\WINDOWS\System32\OpenSSH\;D:\Programe Flie\Git\cmd;C:\xampp\php;C:\composer;C:\MinGW\bin;C:\MinGW\msys\1.0\bin;C:\Program Files\Microsoft SQL Server\120\Tools\Binn\;C:\Program Files\Microsoft SQL Server\Client SDK\ODBC\110\Tools\Binn\;C:\Program Files (x86)\Microsoft SQL Server\120\Tools\Binn\;C:\Program Files\Microsoft SQL Server\120\DTS\Binn\;C:\Program Files (x86)\Microsoft SQL Server\120\Tools\Binn\ManagementStudio\;C:\Program Files (x86)\Microsoft SQL Server\120\DTS\Binn\;C:\ProgramData\chocolatey\bin;C:\Program Files\dotnet\;C:\Program Files\Microsoft SQL Server\130\Tools\Binn\;C:\Program Files\Microsoft SQL Server\Client SDK\ODBC\170\Tools\Binn\;C:\Users\NGUYEN DUC DUY\AppData\Local\Microsoft\WindowsApps;;C:\Users\NGUYEN DUC DUY\AppData\Roaming\Composer\vendor\bin
USERNAME=NGUYEN DUC DUY
OS=Windows_NT
PROCESSOR_IDENTIFIER=Intel64 Family 6 Model 58 Stepping 9, GenuineIntel



---------------  S Y S T E M  ---------------

OS: Windows 10.0 , 64 bit Build 18362 (10.0.18362.329)

CPU:total 4 (initial active 4) (2 cores per cpu, 2 threads per core) family 6 model 58 stepping 9, cmov, cx8, fxsr, mmx, sse, sse2, sse3, ssse3, sse4.1, sse4.2, popcnt, avx, aes, clmul, erms, ht, tsc, tscinvbit, tscinv

Memory: 4k page, physical 10157180k(799472k free), swap 14024188k(60k free)

vm_info: Java HotSpot(TM) 64-Bit Server VM (25.181-b13) for windows-amd64 JRE (1.8.0_181-b13), built on Jul  7 2018 04:01:33 by "java_re" with MS VC++ 10.0 (VS2010)

time: Tue Mar 03 20:08:25 2020
elapsed time: 872 seconds (0d 0h 14m 32s)

